<?xml version="1.0" encoding="UTF-8"?>
<!DOCTYPE coverage SYSTEM "http://cobertura.sourceforge.net/xml/coverage-04.dtd">
<coverage line-rate="0.58492064" branch-rate="0" lines-covered="737" lines-valid="1260" branches-covered="0" branches-valid="0" complexity="0" version="" timestamp="1571930620158">
	<packages>
		<package name="github.com/Optum/Redbox/cmd/codebuild/reset" line-rate="0.18103448" branch-rate="0" complexity="0" line-count="116" line-hits="21">
			<classes>
				<class name="-" filename="cmd/codebuild/reset/main.go" line-rate="0.17073171" branch-rate="0" complexity="0" line-count="82" line-hits="14">
					<methods>
						<method name="main" signature="" line-rate="0" branch-rate="0" complexity="0" line-count="0" line-hits="0">
							<lines>
								<line number="25" hits="0"></line>
								<line number="26" hits="0"></line>
								<line number="28" hits="0"></line>
								<line number="29" hits="0"></line>
								<line number="36" hits="0"></line>
								<line number="37" hits="0"></line>
								<line number="38" hits="0"></line>
								<line number="39" hits="0"></line>
								<line number="40" hits="0"></line>
								<line number="41" hits="0"></line>
								<line number="42" hits="0"></line>
								<line number="43" hits="0"></line>
								<line number="44" hits="0"></line>
								<line number="46" hits="0"></line>
								<line number="49" hits="0"></line>
								<line number="52" hits="0"></line>
								<line number="53" hits="0"></line>
								<line number="54" hits="0"></line>
								<line number="58" hits="0"></line>
								<line number="60" hits="0"></line>
								<line number="61" hits="0"></line>
								<line number="64" hits="0"></line>
								<line number="67" hits="0"></line>
								<line number="68" hits="0"></line>
								<line number="69" hits="0"></line>
								<line number="74" hits="0"></line>
								<line number="79" hits="0"></line>
								<line number="80" hits="0"></line>
								<line number="82" hits="0"></line>
								<line number="85" hits="0"></line>
								<line number="86" hits="0"></line>
								<line number="87" hits="0"></line>
							</lines>
						</method>
						<method name="updateDBPostReset" signature="" line-rate="0.7368421" branch-rate="0" complexity="0" line-count="0" line-hits="0">
							<lines>
								<line number="98" hits="3"></line>
								<line number="99" hits="3"></line>
								<line number="105" hits="3"></line>
								<line number="106" hits="2"></line>
								<line number="107" hits="1"></line>
								<line number="109" hits="1"></line>
								<line number="110" hits="1"></line>
								<line number="111" hits="0"></line>
								<line number="115" hits="2"></line>
								<line number="116" hits="2"></line>
								<line number="117" hits="2"></line>
								<line number="118" hits="0"></line>
								<line number="119" hits="0"></line>
								<line number="121" hits="2"></line>
								<line number="122" hits="2"></line>
								<line number="123" hits="2"></line>
								<line number="124" hits="0"></line>
								<line number="125" hits="0"></line>
								<line number="127" hits="2"></line>
							</lines>
						</method>
						<method name="nukeAccount" signature="" line-rate="0" branch-rate="0" complexity="0" line-count="0" line-hits="0">
							<lines>
								<line number="133" hits="0"></line>
								<line number="134" hits="0"></line>
								<line number="135" hits="0"></line>
								<line number="139" hits="0"></line>
								<line number="142" hits="0"></line>
								<line number="143" hits="0"></line>
								<line number="154" hits="0"></line>
								<line number="161" hits="0"></line>
								<line number="162" hits="0"></line>
								<line number="164" hits="0"></line>
							</lines>
						</method>
						<method name="@155:3" signature="" line-rate="0" branch-rate="0" complexity="0" line-count="0" line-hits="0">
							<lines>
								<line number="156" hits="0"></line>
							</lines>
						</method>
						<method name="generateNukeConfig" signature="" line-rate="0" branch-rate="0" complexity="0" line-count="0" line-hits="0">
							<lines>
								<line number="168" hits="0"></line>
								<line number="172" hits="0"></line>
								<line number="173" hits="0"></line>
								<line number="174" hits="0"></line>
								<line number="178" hits="0"></line>
								<line number="180" hits="0"></line>
								<line number="182" hits="0"></line>
								<line number="183" hits="0"></line>
								<line number="187" hits="0"></line>
								<line number="191" hits="0"></line>
								<line number="196" hits="0"></line>
								<line number="202" hits="0"></line>
								<line number="203" hits="0"></line>
								<line number="204" hits="0"></line>
								<line number="207" hits="0"></line>
								<line number="208" hits="0"></line>
								<line number="209" hits="0"></line>
								<line number="210" hits="0"></line>
								<line number="211" hits="0"></line>
								<line number="213" hits="0"></line>
							</lines>
						</method>
					</methods>
					<lines>
						<line number="25" hits="0"></line>
						<line number="26" hits="0"></line>
						<line number="28" hits="0"></line>
						<line number="29" hits="0"></line>
						<line number="36" hits="0"></line>
						<line number="37" hits="0"></line>
						<line number="38" hits="0"></line>
						<line number="39" hits="0"></line>
						<line number="40" hits="0"></line>
						<line number="41" hits="0"></line>
						<line number="42" hits="0"></line>
						<line number="43" hits="0"></line>
						<line number="44" hits="0"></line>
						<line number="46" hits="0"></line>
						<line number="49" hits="0"></line>
						<line number="52" hits="0"></line>
						<line number="53" hits="0"></line>
						<line number="54" hits="0"></line>
						<line number="58" hits="0"></line>
						<line number="60" hits="0"></line>
						<line number="61" hits="0"></line>
						<line number="64" hits="0"></line>
						<line number="67" hits="0"></line>
						<line number="68" hits="0"></line>
						<line number="69" hits="0"></line>
						<line number="74" hits="0"></line>
						<line number="79" hits="0"></line>
						<line number="80" hits="0"></line>
						<line number="82" hits="0"></line>
						<line number="85" hits="0"></line>
						<line number="86" hits="0"></line>
						<line number="87" hits="0"></line>
						<line number="98" hits="3"></line>
						<line number="99" hits="3"></line>
						<line number="105" hits="3"></line>
						<line number="106" hits="2"></line>
						<line number="107" hits="1"></line>
						<line number="109" hits="1"></line>
						<line number="110" hits="1"></line>
						<line number="111" hits="0"></line>
						<line number="115" hits="2"></line>
						<line number="116" hits="2"></line>
						<line number="117" hits="2"></line>
						<line number="118" hits="0"></line>
						<line number="119" hits="0"></line>
						<line number="121" hits="2"></line>
						<line number="122" hits="2"></line>
						<line number="123" hits="2"></line>
						<line number="124" hits="0"></line>
						<line number="125" hits="0"></line>
						<line number="127" hits="2"></line>
						<line number="133" hits="0"></line>
						<line number="134" hits="0"></line>
						<line number="135" hits="0"></line>
						<line number="139" hits="0"></line>
						<line number="142" hits="0"></line>
						<line number="143" hits="0"></line>
						<line number="154" hits="0"></line>
						<line number="161" hits="0"></line>
						<line number="162" hits="0"></line>
						<line number="164" hits="0"></line>
						<line number="156" hits="0"></line>
						<line number="168" hits="0"></line>
						<line number="172" hits="0"></line>
						<line number="173" hits="0"></line>
						<line number="174" hits="0"></line>
						<line number="178" hits="0"></line>
						<line number="180" hits="0"></line>
						<line number="182" hits="0"></line>
						<line number="183" hits="0"></line>
						<line number="187" hits="0"></line>
						<line number="191" hits="0"></line>
						<line number="196" hits="0"></line>
						<line number="202" hits="0"></line>
						<line number="203" hits="0"></line>
						<line number="204" hits="0"></line>
						<line number="207" hits="0"></line>
						<line number="208" hits="0"></line>
						<line number="209" hits="0"></line>
						<line number="210" hits="0"></line>
						<line number="211" hits="0"></line>
						<line number="213" hits="0"></line>
					</lines>
				</class>
				<class name="service" filename="cmd/codebuild/reset/service.go" line-rate="0.20588236" branch-rate="0" complexity="0" line-count="34" line-hits="7">
					<methods>
						<method name="config" signature="" line-rate="1" branch-rate="0" complexity="0" line-count="0" line-hits="0">
							<lines>
								<line number="50" hits="3"></line>
								<line number="51" hits="2"></line>
								<line number="53" hits="1"></line>
								<line number="54" hits="1"></line>
								<line number="55" hits="1"></line>
								<line number="67" hits="1"></line>
							</lines>
						</method>
						<method name="setConfig" signature="" line-rate="1" branch-rate="0" complexity="0" line-count="0" line-hits="0">
							<lines>
								<line number="73" hits="1"></line>
							</lines>
						</method>
						<method name="awsSession" signature="" line-rate="0" branch-rate="0" complexity="0" line-count="0" line-hits="0">
							<lines>
								<line number="77" hits="0"></line>
								<line number="78" hits="0"></line>
								<line number="80" hits="0"></line>
								<line number="81" hits="0"></line>
								<line number="82" hits="0"></line>
								<line number="84" hits="0"></line>
							</lines>
						</method>
						<method name="tokenService" signature="" line-rate="0" branch-rate="0" complexity="0" line-count="0" line-hits="0">
							<lines>
								<line number="88" hits="0"></line>
								<line number="89" hits="0"></line>
								<line number="91" hits="0"></line>
								<line number="92" hits="0"></line>
								<line number="95" hits="0"></line>
							</lines>
						</method>
						<method name="ssmService" signature="" line-rate="0" branch-rate="0" complexity="0" line-count="0" line-hits="0">
							<lines>
								<line number="99" hits="0"></line>
								<line number="100" hits="0"></line>
								<line number="102" hits="0"></line>
								<line number="105" hits="0"></line>
							</lines>
						</method>
						<method name="s3Service" signature="" line-rate="0" branch-rate="0" complexity="0" line-count="0" line-hits="0">
							<lines>
								<line number="109" hits="0"></line>
								<line number="110" hits="0"></line>
								<line number="115" hits="0"></line>
							</lines>
						</method>
						<method name="db" signature="" line-rate="0" branch-rate="0" complexity="0" line-count="0" line-hits="0">
							<lines>
								<line number="119" hits="0"></line>
								<line number="120" hits="0"></line>
								<line number="122" hits="0"></line>
								<line number="123" hits="0"></line>
								<line number="124" hits="0"></line>
								<line number="126" hits="0"></line>
							</lines>
						</method>
						<method name="snsService" signature="" line-rate="0" branch-rate="0" complexity="0" line-count="0" line-hits="0">
							<lines>
								<line number="130" hits="0"></line>
								<line number="131" hits="0"></line>
								<line number="136" hits="0"></line>
							</lines>
						</method>
					</methods>
					<lines>
						<line number="50" hits="3"></line>
						<line number="51" hits="2"></line>
						<line number="53" hits="1"></line>
						<line number="54" hits="1"></line>
						<line number="55" hits="1"></line>
						<line number="67" hits="1"></line>
						<line number="73" hits="1"></line>
						<line number="77" hits="0"></line>
						<line number="78" hits="0"></line>
						<line number="80" hits="0"></line>
						<line number="81" hits="0"></line>
						<line number="82" hits="0"></line>
						<line number="84" hits="0"></line>
						<line number="88" hits="0"></line>
						<line number="89" hits="0"></line>
						<line number="91" hits="0"></line>
						<line number="92" hits="0"></line>
						<line number="95" hits="0"></line>
						<line number="99" hits="0"></line>
						<line number="100" hits="0"></line>
						<line number="102" hits="0"></line>
						<line number="105" hits="0"></line>
						<line number="109" hits="0"></line>
						<line number="110" hits="0"></line>
						<line number="115" hits="0"></line>
						<line number="119" hits="0"></line>
						<line number="120" hits="0"></line>
						<line number="122" hits="0"></line>
						<line number="123" hits="0"></line>
						<line number="124" hits="0"></line>
						<line number="126" hits="0"></line>
						<line number="130" hits="0"></line>
						<line number="131" hits="0"></line>
						<line number="136" hits="0"></line>
					</lines>
				</class>
			</classes>
		</package>
		<package name="github.com/Optum/Redbox/cmd/lambda/accounts" line-rate="0.76582277" branch-rate="0" complexity="0" line-count="158" line-hits="121">
			<classes>
				<class name="createController" filename="cmd/lambda/accounts/create.go" line-rate="0.9285714" branch-rate="0" complexity="0" line-count="42" line-hits="39">
					<methods>
						<method name="Call" signature="" line-rate="0.9285714" branch-rate="0" complexity="0" line-count="0" line-hits="0">
							<lines>
								<line number="50" hits="14"></line>
								<line number="51" hits="14"></line>
								<line number="52" hits="14"></line>
								<line number="53" hits="0"></line>
								<line number="57" hits="14"></line>
								<line number="58" hits="14"></line>
								<line number="59" hits="2"></line>
								<line number="63" hits="12"></line>
								<line number="64" hits="12"></line>
								<line number="65" hits="1"></line>
								<line number="67" hits="1"></line>
								<line number="69" hits="11"></line>
								<line number="70" hits="1"></line>
								<line number="75" hits="10"></line>
								<line number="79" hits="10"></line>
								<line number="80" hits="1"></line>
								<line number="86" hits="9"></line>
								<line number="87" hits="9"></line>
								<line number="96" hits="9"></line>
								<line number="97" hits="9"></line>
								<line number="98" hits="1"></line>
								<line number="99" hits="1"></line>
								<line number="101" hits="8"></line>
								<line number="102" hits="8"></line>
								<line number="105" hits="8"></line>
								<line number="106" hits="8"></line>
								<line number="107" hits="1"></line>
								<line number="109" hits="1"></line>
								<line number="113" hits="7"></line>
								<line number="114" hits="7"></line>
								<line number="115" hits="1"></line>
								<line number="116" hits="1"></line>
								<line number="120" hits="6"></line>
								<line number="121" hits="6"></line>
								<line number="122" hits="6"></line>
								<line number="123" hits="0"></line>
								<line number="124" hits="0"></line>
								<line number="126" hits="6"></line>
								<line number="127" hits="6"></line>
								<line number="128" hits="1"></line>
								<line number="129" hits="1"></line>
								<line number="132" hits="5"></line>
							</lines>
						</method>
					</methods>
					<lines>
						<line number="50" hits="14"></line>
						<line number="51" hits="14"></line>
						<line number="52" hits="14"></line>
						<line number="53" hits="0"></line>
						<line number="57" hits="14"></line>
						<line number="58" hits="14"></line>
						<line number="59" hits="2"></line>
						<line number="63" hits="12"></line>
						<line number="64" hits="12"></line>
						<line number="65" hits="1"></line>
						<line number="67" hits="1"></line>
						<line number="69" hits="11"></line>
						<line number="70" hits="1"></line>
						<line number="75" hits="10"></line>
						<line number="79" hits="10"></line>
						<line number="80" hits="1"></line>
						<line number="86" hits="9"></line>
						<line number="87" hits="9"></line>
						<line number="96" hits="9"></line>
						<line number="97" hits="9"></line>
						<line number="98" hits="1"></line>
						<line number="99" hits="1"></line>
						<line number="101" hits="8"></line>
						<line number="102" hits="8"></line>
						<line number="105" hits="8"></line>
						<line number="106" hits="8"></line>
						<line number="107" hits="1"></line>
						<line number="109" hits="1"></line>
						<line number="113" hits="7"></line>
						<line number="114" hits="7"></line>
						<line number="115" hits="1"></line>
						<line number="116" hits="1"></line>
						<line number="120" hits="6"></line>
						<line number="121" hits="6"></line>
						<line number="122" hits="6"></line>
						<line number="123" hits="0"></line>
						<line number="124" hits="0"></line>
						<line number="126" hits="6"></line>
						<line number="127" hits="6"></line>
						<line number="128" hits="1"></line>
						<line number="129" hits="1"></line>
						<line number="132" hits="5"></line>
					</lines>
				</class>
				<class name="createRequest" filename="cmd/lambda/accounts/create.go" line-rate="1" branch-rate="0" complexity="0" line-count="16" line-hits="16">
					<methods>
						<method name="Validate" signature="" line-rate="1" branch-rate="0" complexity="0" line-count="0" line-hits="0">
							<lines>
								<line number="146" hits="14"></line>
								<line number="147" hits="14"></line>
								<line number="148" hits="14"></line>
								<line number="149" hits="1"></line>
								<line number="150" hits="1"></line>
								<line number="152" hits="14"></line>
								<line number="153" hits="1"></line>
								<line number="154" hits="1"></line>
								<line number="157" hits="14"></line>
								<line number="158" hits="2"></line>
								<line number="159" hits="2"></line>
								<line number="160" hits="2"></line>
								<line number="162" hits="2"></line>
								<line number="163" hits="2"></line>
								<line number="164" hits="2"></line>
								<line number="167" hits="12"></line>
							</lines>
						</method>
					</methods>
					<lines>
						<line number="146" hits="14"></line>
						<line number="147" hits="14"></line>
						<line number="148" hits="14"></line>
						<line number="149" hits="1"></line>
						<line number="150" hits="1"></line>
						<line number="152" hits="14"></line>
						<line number="153" hits="1"></line>
						<line number="154" hits="1"></line>
						<line number="157" hits="14"></line>
						<line number="158" hits="2"></line>
						<line number="159" hits="2"></line>
						<line number="160" hits="2"></line>
						<line number="162" hits="2"></line>
						<line number="163" hits="2"></line>
						<line number="164" hits="2"></line>
						<line number="167" hits="12"></line>
					</lines>
				</class>
				<class name="deleteController" filename="cmd/lambda/accounts/delete.go" line-rate="0.8064516" branch-rate="0" complexity="0" line-count="31" line-hits="25">
					<methods>
						<method name="Call" signature="" line-rate="1" branch-rate="0" complexity="0" line-count="0" line-hits="0">
							<lines>
								<line number="34" hits="6"></line>
								<line number="35" hits="6"></line>
								<line number="38" hits="6"></line>
								<line number="39" hits="3"></line>
								<line number="41" hits="1"></line>
								<line number="43" hits="1"></line>
								<line number="45" hits="1"></line>
								<line number="50" hits="3"></line>
								<line number="53" hits="3"></line>
								<line number="56" hits="3"></line>
								<line number="58" hits="3"></line>
							</lines>
						</method>
						<method name="sendSNS" signature="" line-rate="0.625" branch-rate="0" complexity="0" line-count="0" line-hits="0">
							<lines>
								<line number="63" hits="4"></line>
								<line number="64" hits="4"></line>
								<line number="66" hits="4"></line>
								<line number="67" hits="0"></line>
								<line number="68" hits="0"></line>
								<line number="71" hits="4"></line>
								<line number="72" hits="4"></line>
								<line number="73" hits="0"></line>
							</lines>
						</method>
						<method name="sendToResetQueue" signature="" line-rate="0.6666667" branch-rate="0" complexity="0" line-count="0" line-hits="0">
							<lines>
								<line number="79" hits="4"></line>
								<line number="80" hits="4"></line>
								<line number="81" hits="0"></line>
							</lines>
						</method>
						<method name="destroyIAMPrincipal" signature="" line-rate="0.7777778" branch-rate="0" complexity="0" line-count="0" line-hits="0">
							<lines>
								<line number="87" hits="3"></line>
								<line number="88" hits="3"></line>
								<line number="89" hits="0"></line>
								<line number="90" hits="0"></line>
								<line number="92" hits="3"></line>
								<line number="95" hits="3"></line>
								<line number="96" hits="3"></line>
								<line number="101" hits="3"></line>
								<line number="102" hits="3"></line>
							</lines>
						</method>
					</methods>
					<lines>
						<line number="34" hits="6"></line>
						<line number="35" hits="6"></line>
						<line number="38" hits="6"></line>
						<line number="39" hits="3"></line>
						<line number="41" hits="1"></line>
						<line number="43" hits="1"></line>
						<line number="45" hits="1"></line>
						<line number="50" hits="3"></line>
						<line number="53" hits="3"></line>
						<line number="56" hits="3"></line>
						<line number="58" hits="3"></line>
						<line number="63" hits="4"></line>
						<line number="64" hits="4"></line>
						<line number="66" hits="4"></line>
						<line number="67" hits="0"></line>
						<line number="68" hits="0"></line>
						<line number="71" hits="4"></line>
						<line number="72" hits="4"></line>
						<line number="73" hits="0"></line>
						<line number="79" hits="4"></line>
						<line number="80" hits="4"></line>
						<line number="81" hits="0"></line>
						<line number="87" hits="3"></line>
						<line number="88" hits="3"></line>
						<line number="89" hits="0"></line>
						<line number="90" hits="0"></line>
						<line number="92" hits="3"></line>
						<line number="95" hits="3"></line>
						<line number="96" hits="3"></line>
						<line number="101" hits="3"></line>
						<line number="102" hits="3"></line>
					</lines>
				</class>
				<class name="getController" filename="cmd/lambda/accounts/get.go" line-rate="0.8" branch-rate="0" complexity="0" line-count="10" line-hits="8">
					<methods>
						<method name="Call" signature="" line-rate="0.8" branch-rate="0" complexity="0" line-count="0" line-hits="0">
							<lines>
								<line number="23" hits="2"></line>
								<line number="24" hits="2"></line>
								<line number="25" hits="2"></line>
								<line number="26" hits="1"></line>
								<line number="27" hits="1"></line>
								<line number="32" hits="1"></line>
								<line number="33" hits="0"></line>
								<line number="34" hits="0"></line>
								<line number="37" hits="1"></line>
								<line number="38" hits="1"></line>
							</lines>
						</method>
					</methods>
					<lines>
						<line number="23" hits="2"></line>
						<line number="24" hits="2"></line>
						<line number="25" hits="2"></line>
						<line number="26" hits="1"></line>
						<line number="27" hits="1"></line>
						<line number="32" hits="1"></line>
						<line number="33" hits="0"></line>
						<line number="34" hits="0"></line>
						<line number="37" hits="1"></line>
						<line number="38" hits="1"></line>
					</lines>
				</class>
				<class name="listController" filename="cmd/lambda/accounts/list.go" line-rate="0.8125" branch-rate="0" complexity="0" line-count="16" line-hits="13">
					<methods>
						<method name="Call" signature="" line-rate="0.8125" branch-rate="0" complexity="0" line-count="0" line-hits="0">
							<lines>
								<line number="22" hits="2"></line>
								<line number="24" hits="2"></line>
								<line number="25" hits="1"></line>
								<line number="26" hits="1"></line>
								<line number="27" hits="1"></line>
								<line number="33" hits="1"></line>
								<line number="35" hits="1"></line>
								<line number="36" hits="1"></line>
								<line number="37" hits="1"></line>
								<line number="40" hits="1"></line>
								<line number="42" hits="1"></line>
								<line number="43" hits="0"></line>
								<line number="44" hits="0"></line>
								<line number="45" hits="0"></line>
								<line number="50" hits="1"></line>
								<line number="52" hits="1"></line>
							</lines>
						</method>
					</methods>
					<lines>
						<line number="22" hits="2"></line>
						<line number="24" hits="2"></line>
						<line number="25" hits="1"></line>
						<line number="26" hits="1"></line>
						<line number="27" hits="1"></line>
						<line number="33" hits="1"></line>
						<line number="35" hits="1"></line>
						<line number="36" hits="1"></line>
						<line number="37" hits="1"></line>
						<line number="40" hits="1"></line>
						<line number="42" hits="1"></line>
						<line number="43" hits="0"></line>
						<line number="44" hits="0"></line>
						<line number="45" hits="0"></line>
						<line number="50" hits="1"></line>
						<line number="52" hits="1"></line>
					</lines>
				</class>
				<class name="Router" filename="cmd/lambda/accounts/main.go" line-rate="0.75" branch-rate="0" complexity="0" line-count="12" line-hits="9">
					<methods>
						<method name="route" signature="" line-rate="0.75" branch-rate="0" complexity="0" line-count="0" line-hits="0">
							<lines>
								<line number="38" hits="4"></line>
								<line number="39" hits="4"></line>
								<line number="40" hits="4"></line>
								<line number="42" hits="1"></line>
								<line number="44" hits="1"></line>
								<line number="46" hits="1"></line>
								<line number="48" hits="0"></line>
								<line number="50" hits="1"></line>
								<line number="54" hits="3"></line>
								<line number="55" hits="0"></line>
								<line number="56" hits="0"></line>
								<line number="59" hits="3"></line>
							</lines>
						</method>
					</methods>
					<lines>
						<line number="38" hits="4"></line>
						<line number="39" hits="4"></line>
						<line number="40" hits="4"></line>
						<line number="42" hits="1"></line>
						<line number="44" hits="1"></line>
						<line number="46" hits="1"></line>
						<line number="48" hits="0"></line>
						<line number="50" hits="1"></line>
						<line number="54" hits="3"></line>
						<line number="55" hits="0"></line>
						<line number="56" hits="0"></line>
						<line number="59" hits="3"></line>
					</lines>
				</class>
				<class name="-" filename="cmd/lambda/accounts/main.go" line-rate="0" branch-rate="0" complexity="0" line-count="18" line-hits="0">
					<methods>
						<method name="main" signature="" line-rate="0" branch-rate="0" complexity="0" line-count="0" line-hits="0">
							<lines>
								<line number="64" hits="0"></line>
								<line number="65" hits="0"></line>
								<line number="66" hits="0"></line>
								<line number="67" hits="0"></line>
								<line number="68" hits="0"></line>
								<line number="69" hits="0"></line>
								<line number="75" hits="0"></line>
								<line number="117" hits="0"></line>
							</lines>
						</method>
						<method name="newDBer" signature="" line-rate="0" branch-rate="0" complexity="0" line-count="0" line-hits="0">
							<lines>
								<line number="121" hits="0"></line>
								<line number="122" hits="0"></line>
								<line number="123" hits="0"></line>
								<line number="124" hits="0"></line>
								<line number="127" hits="0"></line>
							</lines>
						</method>
						<method name="newAWSSession" signature="" line-rate="0" branch-rate="0" complexity="0" line-count="0" line-hits="0">
							<lines>
								<line number="131" hits="0"></line>
								<line number="132" hits="0"></line>
								<line number="133" hits="0"></line>
								<line number="134" hits="0"></line>
								<line number="136" hits="0"></line>
							</lines>
						</method>
					</methods>
					<lines>
						<line number="64" hits="0"></line>
						<line number="65" hits="0"></line>
						<line number="66" hits="0"></line>
						<line number="67" hits="0"></line>
						<line number="68" hits="0"></line>
						<line number="69" hits="0"></line>
						<line number="75" hits="0"></line>
						<line number="117" hits="0"></line>
						<line number="121" hits="0"></line>
						<line number="122" hits="0"></line>
						<line number="123" hits="0"></line>
						<line number="124" hits="0"></line>
						<line number="127" hits="0"></line>
						<line number="131" hits="0"></line>
						<line number="132" hits="0"></line>
						<line number="133" hits="0"></line>
						<line number="134" hits="0"></line>
						<line number="136" hits="0"></line>
					</lines>
				</class>
				<class name="createController" filename="cmd/lambda/accounts/redboxprincipal.go" line-rate="0.84615386" branch-rate="0" complexity="0" line-count="13" line-hits="11">
					<methods>
						<method name="createPrincipalRole" signature="" line-rate="0.84615386" branch-rate="0" complexity="0" line-count="0" line-hits="0">
							<lines>
								<line number="20" hits="9"></line>
								<line number="37" hits="9"></line>
								<line number="38" hits="9"></line>
								<line number="45" hits="9"></line>
								<line number="46" hits="0"></line>
								<line number="50" hits="9"></line>
								<line number="51" hits="9"></line>
								<line number="52" hits="0"></line>
								<line number="54" hits="9"></line>
								<line number="57" hits="9"></line>
								<line number="58" hits="9"></line>
								<line number="59" hits="9"></line>
								<line number="72" hits="9"></line>
							</lines>
						</method>
					</methods>
					<lines>
						<line number="20" hits="9"></line>
						<line number="37" hits="9"></line>
						<line number="38" hits="9"></line>
						<line number="45" hits="9"></line>
						<line number="46" hits="0"></line>
						<line number="50" hits="9"></line>
						<line number="51" hits="9"></line>
						<line number="52" hits="0"></line>
						<line number="54" hits="9"></line>
						<line number="57" hits="9"></line>
						<line number="58" hits="9"></line>
						<line number="59" hits="9"></line>
						<line number="72" hits="9"></line>
					</lines>
				</class>
			</classes>
		</package>
		<package name="github.com/Optum/Redbox/cmd/lambda/fan_out_update_lease_status" line-rate="0.59375" branch-rate="0" complexity="0" line-count="32" line-hits="19">
			<classes>
				<class name="-" filename="cmd/lambda/fan_out_update_lease_status/main.go" line-rate="0.59375" branch-rate="0" complexity="0" line-count="32" line-hits="19">
					<methods>
						<method name="main" signature="" line-rate="0" branch-rate="0" complexity="0" line-count="0" line-hits="0">
							<lines>
								<line number="29" hits="0"></line>
							</lines>
						</method>
						<method name="@29:15" signature="" line-rate="0" branch-rate="0" complexity="0" line-count="0" line-hits="0">
							<lines>
								<line number="30" hits="0"></line>
								<line number="33" hits="0"></line>
								<line number="34" hits="0"></line>
								<line number="35" hits="0"></line>
								<line number="39" hits="0"></line>
								<line number="40" hits="0"></line>
								<line number="43" hits="0"></line>
								<line number="48" hits="0"></line>
								<line number="49" hits="0"></line>
								<line number="52" hits="0"></line>
							</lines>
						</method>
						<method name="lambdaHandler" signature="" line-rate="0.9047619" branch-rate="0" complexity="0" line-count="0" line-hits="0">
							<lines>
								<line number="64" hits="4"></line>
								<line number="65" hits="4"></line>
								<line number="66" hits="4"></line>
								<line number="67" hits="1"></line>
								<line number="69" hits="3"></line>
								<line number="72" hits="3"></line>
								<line number="73" hits="3"></line>
								<line number="75" hits="6"></line>
								<line number="77" hits="6"></line>
								<line number="78" hits="0"></line>
								<line number="79" hits="0"></line>
								<line number="83" hits="6"></line>
								<line number="85" hits="6"></line>
								<line number="91" hits="6"></line>
								<line number="92" hits="1"></line>
								<line number="94" hits="1"></line>
								<line number="95" hits="1"></line>
								<line number="100" hits="3"></line>
								<line number="101" hits="1"></line>
								<line number="107" hits="2"></line>
								<line number="110" hits="2"></line>
							</lines>
						</method>
					</methods>
					<lines>
						<line number="29" hits="0"></line>
						<line number="30" hits="0"></line>
						<line number="33" hits="0"></line>
						<line number="34" hits="0"></line>
						<line number="35" hits="0"></line>
						<line number="39" hits="0"></line>
						<line number="40" hits="0"></line>
						<line number="43" hits="0"></line>
						<line number="48" hits="0"></line>
						<line number="49" hits="0"></line>
						<line number="52" hits="0"></line>
						<line number="64" hits="4"></line>
						<line number="65" hits="4"></line>
						<line number="66" hits="4"></line>
						<line number="67" hits="1"></line>
						<line number="69" hits="3"></line>
						<line number="72" hits="3"></line>
						<line number="73" hits="3"></line>
						<line number="75" hits="6"></line>
						<line number="77" hits="6"></line>
						<line number="78" hits="0"></line>
						<line number="79" hits="0"></line>
						<line number="83" hits="6"></line>
						<line number="85" hits="6"></line>
						<line number="91" hits="6"></line>
						<line number="92" hits="1"></line>
						<line number="94" hits="1"></line>
						<line number="95" hits="1"></line>
						<line number="100" hits="3"></line>
						<line number="101" hits="1"></line>
						<line number="107" hits="2"></line>
						<line number="110" hits="2"></line>
					</lines>
				</class>
			</classes>
		</package>
		<package name="github.com/Optum/Redbox/cmd/lambda/leases" line-rate="0.57216495" branch-rate="0" complexity="0" line-count="194" line-hits="111">
			<classes>
				<class name="CreateController" filename="cmd/lambda/leases/create.go" line-rate="0.64" branch-rate="0" complexity="0" line-count="50" line-hits="32">
					<methods>
						<method name="Call" signature="" line-rate="0.64" branch-rate="0" complexity="0" line-count="0" line-hits="0">
							<lines>
								<line number="44" hits="3"></line>
								<line number="45" hits="3"></line>
								<line number="46" hits="3"></line>
								<line number="47" hits="3"></line>
								<line number="48" hits="3"></line>
								<line number="49" hits="1"></line>
								<line number="50" hits="1"></line>
								<line number="54" hits="2"></line>
								<line number="55" hits="2"></line>
								<line number="60" hits="2"></line>
								<line number="61" hits="1"></line>
								<line number="62" hits="1"></line>
								<line number="63" hits="1"></line>
								<line number="68" hits="1"></line>
								<line number="69" hits="1"></line>
								<line number="70" hits="0"></line>
								<line number="71" hits="0"></line>
								<line number="73" hits="1"></line>
								<line number="74" hits="0"></line>
								<line number="76" hits="0"></line>
								<line number="77" hits="0"></line>
								<line number="79" hits="1"></line>
								<line number="83" hits="1"></line>
								<line number="84" hits="1"></line>
								<line number="85" hits="0"></line>
								<line number="86" hits="0"></line>
								<line number="88" hits="1"></line>
								<line number="89" hits="0"></line>
								<line number="90" hits="0"></line>
								<line number="91" hits="0"></line>
								<line number="93" hits="1"></line>
								<line number="97" hits="1"></line>
								<line number="99" hits="1"></line>
								<line number="100" hits="0"></line>
								<line number="101" hits="0"></line>
								<line number="105" hits="1"></line>
								<line number="106" hits="1"></line>
								<line number="109" hits="1"></line>
								<line number="110" hits="0"></line>
								<line number="111" hits="0"></line>
								<line number="115" hits="1"></line>
								<line number="117" hits="1"></line>
								<line number="118" hits="1"></line>
								<line number="120" hits="0"></line>
								<line number="121" hits="0"></line>
								<line number="125" hits="1"></line>
								<line number="126" hits="1"></line>
								<line number="127" hits="0"></line>
								<line number="128" hits="0"></line>
								<line number="132" hits="1"></line>
							</lines>
						</method>
					</methods>
					<lines>
						<line number="44" hits="3"></line>
						<line number="45" hits="3"></line>
						<line number="46" hits="3"></line>
						<line number="47" hits="3"></line>
						<line number="48" hits="3"></line>
						<line number="49" hits="1"></line>
						<line number="50" hits="1"></line>
						<line number="54" hits="2"></line>
						<line number="55" hits="2"></line>
						<line number="60" hits="2"></line>
						<line number="61" hits="1"></line>
						<line number="62" hits="1"></line>
						<line number="63" hits="1"></line>
						<line number="68" hits="1"></line>
						<line number="69" hits="1"></line>
						<line number="70" hits="0"></line>
						<line number="71" hits="0"></line>
						<line number="73" hits="1"></line>
						<line number="74" hits="0"></line>
						<line number="76" hits="0"></line>
						<line number="77" hits="0"></line>
						<line number="79" hits="1"></line>
						<line number="83" hits="1"></line>
						<line number="84" hits="1"></line>
						<line number="85" hits="0"></line>
						<line number="86" hits="0"></line>
						<line number="88" hits="1"></line>
						<line number="89" hits="0"></line>
						<line number="90" hits="0"></line>
						<line number="91" hits="0"></line>
						<line number="93" hits="1"></line>
						<line number="97" hits="1"></line>
						<line number="99" hits="1"></line>
						<line number="100" hits="0"></line>
						<line number="101" hits="0"></line>
						<line number="105" hits="1"></line>
						<line number="106" hits="1"></line>
						<line number="109" hits="1"></line>
						<line number="110" hits="0"></line>
						<line number="111" hits="0"></line>
						<line number="115" hits="1"></line>
						<line number="117" hits="1"></line>
						<line number="118" hits="1"></line>
						<line number="120" hits="0"></line>
						<line number="121" hits="0"></line>
						<line number="125" hits="1"></line>
						<line number="126" hits="1"></line>
						<line number="127" hits="0"></line>
						<line number="128" hits="0"></line>
						<line number="132" hits="1"></line>
					</lines>
				</class>
				<class name="-" filename="cmd/lambda/leases/create.go" line-rate="0.5" branch-rate="0" complexity="0" line-count="26" line-hits="13">
					<methods>
						<method name="publishLease" signature="" line-rate="0.68421054" branch-rate="0" complexity="0" line-count="0" line-hits="0">
							<lines>
								<line number="143" hits="1"></line>
								<line number="146" hits="1"></line>
								<line number="147" hits="1"></line>
								<line number="149" hits="0"></line>
								<line number="150" hits="0"></line>
								<line number="152" hits="1"></line>
								<line number="155" hits="1"></line>
								<line number="159" hits="1"></line>
								<line number="160" hits="1"></line>
								<line number="162" hits="0"></line>
								<line number="163" hits="0"></line>
								<line number="165" hits="1"></line>
								<line number="169" hits="1"></line>
								<line number="170" hits="1"></line>
								<line number="171" hits="1"></line>
								<line number="173" hits="0"></line>
								<line number="174" hits="0"></line>
								<line number="176" hits="1"></line>
								<line number="177" hits="1"></line>
							</lines>
						</method>
						<method name="rollbackProvision" signature="" line-rate="0" branch-rate="0" complexity="0" line-count="0" line-hits="0">
							<lines>
								<line number="186" hits="0"></line>
								<line number="187" hits="0"></line>
								<line number="189" hits="0"></line>
								<line number="190" hits="0"></line>
								<line number="191" hits="0"></line>
								<line number="194" hits="0"></line>
								<line number="199" hits="0"></line>
							</lines>
						</method>
					</methods>
					<lines>
						<line number="143" hits="1"></line>
						<line number="146" hits="1"></line>
						<line number="147" hits="1"></line>
						<line number="149" hits="0"></line>
						<line number="150" hits="0"></line>
						<line number="152" hits="1"></line>
						<line number="155" hits="1"></line>
						<line number="159" hits="1"></line>
						<line number="160" hits="1"></line>
						<line number="162" hits="0"></line>
						<line number="163" hits="0"></line>
						<line number="165" hits="1"></line>
						<line number="169" hits="1"></line>
						<line number="170" hits="1"></line>
						<line number="171" hits="1"></line>
						<line number="173" hits="0"></line>
						<line number="174" hits="0"></line>
						<line number="176" hits="1"></line>
						<line number="177" hits="1"></line>
						<line number="186" hits="0"></line>
						<line number="187" hits="0"></line>
						<line number="189" hits="0"></line>
						<line number="190" hits="0"></line>
						<line number="191" hits="0"></line>
						<line number="194" hits="0"></line>
						<line number="199" hits="0"></line>
					</lines>
				</class>
				<class name="DeleteController" filename="cmd/lambda/leases/delete.go" line-rate="0.82857144" branch-rate="0" complexity="0" line-count="35" line-hits="29">
					<methods>
						<method name="Call" signature="" line-rate="0.82857144" branch-rate="0" complexity="0" line-count="0" line-hits="0">
							<lines>
								<line number="33" hits="4"></line>
								<line number="35" hits="4"></line>
								<line number="36" hits="4"></line>
								<line number="37" hits="1"></line>
								<line number="38" hits="1"></line>
								<line number="41" hits="3"></line>
								<line number="42" hits="3"></line>
								<line number="43" hits="3"></line>
								<line number="46" hits="3"></line>
								<line number="47" hits="3"></line>
								<line number="48" hits="0"></line>
								<line number="49" hits="0"></line>
								<line number="51" hits="3"></line>
								<line number="52" hits="1"></line>
								<line number="53" hits="1"></line>
								<line number="54" hits="1"></line>
								<line number="58" hits="2"></line>
								<line number="59" hits="2"></line>
								<line number="60" hits="2"></line>
								<line number="61" hits="2"></line>
								<line number="62" hits="2"></line>
								<line number="65" hits="2"></line>
								<line number="66" hits="0"></line>
								<line number="67" hits="2"></line>
								<line number="68" hits="1"></line>
								<line number="70" hits="1"></line>
								<line number="74" hits="1"></line>
								<line number="76" hits="1"></line>
								<line number="77" hits="0"></line>
								<line number="78" hits="0"></line>
								<line number="82" hits="1"></line>
								<line number="84" hits="1"></line>
								<line number="85" hits="0"></line>
								<line number="88" hits="1"></line>
								<line number="89" hits="1"></line>
							</lines>
						</method>
					</methods>
					<lines>
						<line number="33" hits="4"></line>
						<line number="35" hits="4"></line>
						<line number="36" hits="4"></line>
						<line number="37" hits="1"></line>
						<line number="38" hits="1"></line>
						<line number="41" hits="3"></line>
						<line number="42" hits="3"></line>
						<line number="43" hits="3"></line>
						<line number="46" hits="3"></line>
						<line number="47" hits="3"></line>
						<line number="48" hits="0"></line>
						<line number="49" hits="0"></line>
						<line number="51" hits="3"></line>
						<line number="52" hits="1"></line>
						<line number="53" hits="1"></line>
						<line number="54" hits="1"></line>
						<line number="58" hits="2"></line>
						<line number="59" hits="2"></line>
						<line number="60" hits="2"></line>
						<line number="61" hits="2"></line>
						<line number="62" hits="2"></line>
						<line number="65" hits="2"></line>
						<line number="66" hits="0"></line>
						<line number="67" hits="2"></line>
						<line number="68" hits="1"></line>
						<line number="70" hits="1"></line>
						<line number="74" hits="1"></line>
						<line number="76" hits="1"></line>
						<line number="77" hits="0"></line>
						<line number="78" hits="0"></line>
						<line number="82" hits="1"></line>
						<line number="84" hits="1"></line>
						<line number="85" hits="0"></line>
						<line number="88" hits="1"></line>
						<line number="89" hits="1"></line>
					</lines>
				</class>
				<class name="GetController" filename="cmd/lambda/leases/get.go" line-rate="0.8" branch-rate="0" complexity="0" line-count="10" line-hits="8">
					<methods>
						<method name="Call" signature="" line-rate="0.8" branch-rate="0" complexity="0" line-count="0" line-hits="0">
							<lines>
								<line number="23" hits="2"></line>
								<line number="24" hits="2"></line>
								<line number="25" hits="2"></line>
								<line number="26" hits="1"></line>
								<line number="27" hits="1"></line>
								<line number="32" hits="1"></line>
								<line number="33" hits="0"></line>
								<line number="34" hits="0"></line>
								<line number="37" hits="1"></line>
								<line number="38" hits="1"></line>
							</lines>
						</method>
					</methods>
					<lines>
						<line number="23" hits="2"></line>
						<line number="24" hits="2"></line>
						<line number="25" hits="2"></line>
						<line number="26" hits="1"></line>
						<line number="27" hits="1"></line>
						<line number="32" hits="1"></line>
						<line number="33" hits="0"></line>
						<line number="34" hits="0"></line>
						<line number="37" hits="1"></line>
						<line number="38" hits="1"></line>
					</lines>
				</class>
				<class name="ListController" filename="cmd/lambda/leases/list.go" line-rate="0.7647059" branch-rate="0" complexity="0" line-count="17" line-hits="13">
					<methods>
						<method name="Call" signature="" line-rate="0.7647059" branch-rate="0" complexity="0" line-count="0" line-hits="0">
							<lines>
								<line number="22" hits="3"></line>
								<line number="24" hits="3"></line>
								<line number="25" hits="0"></line>
								<line number="28" hits="3"></line>
								<line number="30" hits="3"></line>
								<line number="31" hits="1"></line>
								<line number="35" hits="2"></line>
								<line number="36" hits="2"></line>
								<line number="37" hits="1"></line>
								<line number="40" hits="2"></line>
								<line number="42" hits="2"></line>
								<line number="43" hits="0"></line>
								<line number="46" hits="2"></line>
								<line number="54" hits="2"></line>
								<line number="55" hits="0"></line>
								<line number="56" hits="0"></line>
								<line number="59" hits="2"></line>
							</lines>
						</method>
					</methods>
					<lines>
						<line number="22" hits="3"></line>
						<line number="24" hits="3"></line>
						<line number="25" hits="0"></line>
						<line number="28" hits="3"></line>
						<line number="30" hits="3"></line>
						<line number="31" hits="1"></line>
						<line number="35" hits="2"></line>
						<line number="36" hits="2"></line>
						<line number="37" hits="1"></line>
						<line number="40" hits="2"></line>
						<line number="42" hits="2"></line>
						<line number="43" hits="0"></line>
						<line number="46" hits="2"></line>
						<line number="54" hits="2"></line>
						<line number="55" hits="0"></line>
						<line number="56" hits="0"></line>
						<line number="59" hits="2"></line>
					</lines>
				</class>
				<class name="-" filename="cmd/lambda/leases/list.go" line-rate="0.47058824" branch-rate="0" complexity="0" line-count="34" line-hits="16">
					<methods>
						<method name="parseGetLeasesInput" signature="" line-rate="0.6956522" branch-rate="0" complexity="0" line-count="0" line-hits="0">
							<lines>
								<line number="64" hits="3"></line>
								<line number="68" hits="3"></line>
								<line number="69" hits="3"></line>
								<line number="70" hits="0"></line>
								<line number="73" hits="3"></line>
								<line number="74" hits="3"></line>
								<line number="75" hits="0"></line>
								<line number="76" hits="0"></line>
								<line number="77" hits="0"></line>
								<line number="78" hits="0"></line>
								<line number="82" hits="3"></line>
								<line number="83" hits="3"></line>
								<line number="84" hits="2"></line>
								<line number="87" hits="3"></line>
								<line number="88" hits="3"></line>
								<line number="89" hits="2"></line>
								<line number="92" hits="3"></line>
								<line number="93" hits="3"></line>
								<line number="94" hits="0"></line>
								<line number="97" hits="3"></line>
								<line number="98" hits="3"></line>
								<line number="99" hits="0"></line>
								<line number="102" hits="3"></line>
							</lines>
						</method>
						<method name="buildNextURL" signature="" line-rate="0" branch-rate="0" complexity="0" line-count="0" line-hits="0">
							<lines>
								<line number="107" hits="0"></line>
								<line number="108" hits="0"></line>
								<line number="109" hits="0"></line>
								<line number="111" hits="0"></line>
								<line number="112" hits="0"></line>
								<line number="115" hits="0"></line>
								<line number="116" hits="0"></line>
								<line number="119" hits="0"></line>
								<line number="120" hits="0"></line>
								<line number="123" hits="0"></line>
								<line number="124" hits="0"></line>
							</lines>
						</method>
					</methods>
					<lines>
						<line number="64" hits="3"></line>
						<line number="68" hits="3"></line>
						<line number="69" hits="3"></line>
						<line number="70" hits="0"></line>
						<line number="73" hits="3"></line>
						<line number="74" hits="3"></line>
						<line number="75" hits="0"></line>
						<line number="76" hits="0"></line>
						<line number="77" hits="0"></line>
						<line number="78" hits="0"></line>
						<line number="82" hits="3"></line>
						<line number="83" hits="3"></line>
						<line number="84" hits="2"></line>
						<line number="87" hits="3"></line>
						<line number="88" hits="3"></line>
						<line number="89" hits="2"></line>
						<line number="92" hits="3"></line>
						<line number="93" hits="3"></line>
						<line number="94" hits="0"></line>
						<line number="97" hits="3"></line>
						<line number="98" hits="3"></line>
						<line number="99" hits="0"></line>
						<line number="102" hits="3"></line>
						<line number="107" hits="0"></line>
						<line number="108" hits="0"></line>
						<line number="109" hits="0"></line>
						<line number="111" hits="0"></line>
						<line number="112" hits="0"></line>
						<line number="115" hits="0"></line>
						<line number="116" hits="0"></line>
						<line number="119" hits="0"></line>
						<line number="120" hits="0"></line>
						<line number="123" hits="0"></line>
						<line number="124" hits="0"></line>
					</lines>
				</class>
				<class name="-" filename="cmd/lambda/leases/main.go" line-rate="0" branch-rate="0" complexity="0" line-count="22" line-hits="0">
					<methods>
						<method name="buildBaseURL" signature="" line-rate="0" branch-rate="0" complexity="0" line-count="0" line-hits="0">
							<lines>
								<line number="38" hits="0"></line>
							</lines>
						</method>
						<method name="main" signature="" line-rate="0" branch-rate="0" complexity="0" line-count="0" line-hits="0">
							<lines>
								<line number="44" hits="0"></line>
								<line number="47" hits="0"></line>
								<line number="48" hits="0"></line>
								<line number="49" hits="0"></line>
								<line number="53" hits="0"></line>
								<line number="54" hits="0"></line>
								<line number="58" hits="0"></line>
								<line number="59" hits="0"></line>
								<line number="60" hits="0"></line>
								<line number="62" hits="0"></line>
								<line number="85" hits="0"></line>
							</lines>
						</method>
						<method name="newDBer" signature="" line-rate="0" branch-rate="0" complexity="0" line-count="0" line-hits="0">
							<lines>
								<line number="89" hits="0"></line>
								<line number="90" hits="0"></line>
								<line number="91" hits="0"></line>
								<line number="92" hits="0"></line>
								<line number="95" hits="0"></line>
							</lines>
						</method>
						<method name="newAWSSession" signature="" line-rate="0" branch-rate="0" complexity="0" line-count="0" line-hits="0">
							<lines>
								<line number="99" hits="0"></line>
								<line number="100" hits="0"></line>
								<line number="101" hits="0"></line>
								<line number="102" hits="0"></line>
								<line number="104" hits="0"></line>
							</lines>
						</method>
					</methods>
					<lines>
						<line number="38" hits="0"></line>
						<line number="44" hits="0"></line>
						<line number="47" hits="0"></line>
						<line number="48" hits="0"></line>
						<line number="49" hits="0"></line>
						<line number="53" hits="0"></line>
						<line number="54" hits="0"></line>
						<line number="58" hits="0"></line>
						<line number="59" hits="0"></line>
						<line number="60" hits="0"></line>
						<line number="62" hits="0"></line>
						<line number="85" hits="0"></line>
						<line number="89" hits="0"></line>
						<line number="90" hits="0"></line>
						<line number="91" hits="0"></line>
						<line number="92" hits="0"></line>
						<line number="95" hits="0"></line>
						<line number="99" hits="0"></line>
						<line number="100" hits="0"></line>
						<line number="101" hits="0"></line>
						<line number="102" hits="0"></line>
						<line number="104" hits="0"></line>
					</lines>
				</class>
			</classes>
		</package>
		<package name="github.com/Optum/Redbox/cmd/lambda/populate_reset_queue" line-rate="0.26086956" branch-rate="0" complexity="0" line-count="23" line-hits="6">
			<classes>
				<class name="-" filename="cmd/lambda/populate_reset_queue/main.go" line-rate="0.26086956" branch-rate="0" complexity="0" line-count="23" line-hits="6">
					<methods>
						<method name="enqueueRedboxes" signature="" line-rate="1" branch-rate="0" complexity="0" line-count="0" line-hits="0">
							<lines>
								<line number="22" hits="2"></line>
								<line number="24" hits="2"></line>
								<line number="25" hits="2"></line>
								<line number="26" hits="1"></line>
								<line number="28" hits="1"></line>
								<line number="30" hits="1"></line>
							</lines>
						</method>
						<method name="rbenqHandler" signature="" line-rate="0" branch-rate="0" complexity="0" line-count="0" line-hits="0">
							<lines>
								<line number="38" hits="0"></line>
								<line number="39" hits="0"></line>
								<line number="40" hits="0"></line>
								<line number="44" hits="0"></line>
								<line number="45" hits="0"></line>
								<line number="46" hits="0"></line>
								<line number="47" hits="0"></line>
								<line number="51" hits="0"></line>
								<line number="52" hits="0"></line>
								<line number="53" hits="0"></line>
								<line number="54" hits="0"></line>
								<line number="59" hits="0"></line>
								<line number="60" hits="0"></line>
								<line number="61" hits="0"></line>
								<line number="62" hits="0"></line>
								<line number="65" hits="0"></line>
							</lines>
						</method>
						<method name="main" signature="" line-rate="0" branch-rate="0" complexity="0" line-count="0" line-hits="0">
							<lines>
								<line number="70" hits="0"></line>
							</lines>
						</method>
					</methods>
					<lines>
						<line number="22" hits="2"></line>
						<line number="24" hits="2"></line>
						<line number="25" hits="2"></line>
						<line number="26" hits="1"></line>
						<line number="28" hits="1"></line>
						<line number="30" hits="1"></line>
						<line number="38" hits="0"></line>
						<line number="39" hits="0"></line>
						<line number="40" hits="0"></line>
						<line number="44" hits="0"></line>
						<line number="45" hits="0"></line>
						<line number="46" hits="0"></line>
						<line number="47" hits="0"></line>
						<line number="51" hits="0"></line>
						<line number="52" hits="0"></line>
						<line number="53" hits="0"></line>
						<line number="54" hits="0"></line>
						<line number="59" hits="0"></line>
						<line number="60" hits="0"></line>
						<line number="61" hits="0"></line>
						<line number="62" hits="0"></line>
						<line number="65" hits="0"></line>
						<line number="70" hits="0"></line>
					</lines>
				</class>
			</classes>
		</package>
		<package name="github.com/Optum/Redbox/cmd/lambda/publish_lease_events" line-rate="0.61538464" branch-rate="0" complexity="0" line-count="78" line-hits="48">
			<classes>
				<class name="-" filename="cmd/lambda/publish_lease_events/main.go" line-rate="0.61538464" branch-rate="0" complexity="0" line-count="78" line-hits="48">
					<methods>
						<method name="main" signature="" line-rate="0" branch-rate="0" complexity="0" line-count="0" line-hits="0">
							<lines>
								<line number="25" hits="0"></line>
							</lines>
						</method>
						<method name="handler" signature="" line-rate="0" branch-rate="0" complexity="0" line-count="0" line-hits="0">
							<lines>
								<line number="34" hits="0"></line>
								<line number="36" hits="0"></line>
								<line number="37" hits="0"></line>
								<line number="38" hits="0"></line>
								<line number="39" hits="0"></line>
								<line number="40" hits="0"></line>
								<line number="41" hits="0"></line>
								<line number="42" hits="0"></line>
								<line number="46" hits="0"></line>
								<line number="48" hits="0"></line>
								<line number="57" hits="0"></line>
								<line number="58" hits="0"></line>
								<line number="59" hits="0"></line>
								<line number="63" hits="0"></line>
								<line number="64" hits="0"></line>
								<line number="67" hits="0"></line>
							</lines>
						</method>
						<method name="handleRecord" signature="" line-rate="0.82857144" branch-rate="0" complexity="0" line-count="0" line-hits="0">
							<lines>
								<line number="81" hits="3"></line>
								<line number="82" hits="3"></line>
								<line number="83" hits="3"></line>
								<line number="84" hits="0"></line>
								<line number="86" hits="3"></line>
								<line number="90" hits="3"></line>
								<line number="91" hits="3"></line>
								<line number="92" hits="0"></line>
								<line number="94" hits="3"></line>
								<line number="97" hits="3"></line>
								<line number="98" hits="3"></line>
								<line number="99" hits="0"></line>
								<line number="101" hits="3"></line>
								<line number="103" hits="3"></line>
								<line number="104" hits="0"></line>
								<line number="105" hits="0"></line>
								<line number="108" hits="3"></line>
								<line number="111" hits="3"></line>
								<line number="113" hits="3"></line>
								<line number="116" hits="2"></line>
								<line number="120" hits="2"></line>
								<line number="121" hits="2"></line>
								<line number="125" hits="2"></line>
								<line number="127" hits="2"></line>
								<line number="128" hits="1"></line>
								<line number="129" hits="1"></line>
								<line number="133" hits="1"></line>
								<line number="137" hits="2"></line>
								<line number="143" hits="2"></line>
								<line number="144" hits="1"></line>
								<line number="146" hits="1"></line>
								<line number="148" hits="2"></line>
								<line number="149" hits="2"></line>
								<line number="150" hits="0"></line>
								<line number="155" hits="2"></line>
							</lines>
						</method>
						<method name="leaseFromImage" signature="" line-rate="0.75" branch-rate="0" complexity="0" line-count="0" line-hits="0">
							<lines>
								<line number="160" hits="4"></line>
								<line number="161" hits="4"></line>
								<line number="162" hits="0"></line>
								<line number="165" hits="4"></line>
							</lines>
						</method>
						<method name="isActiveStatus" signature="" line-rate="1" branch-rate="0" complexity="0" line-count="0" line-hits="0">
							<lines>
								<line number="170" hits="5"></line>
							</lines>
						</method>
						<method name="publishLease" signature="" line-rate="0.5555556" branch-rate="0" complexity="0" line-count="0" line-hits="0">
							<lines>
								<line number="181" hits="2"></line>
								<line number="182" hits="2"></line>
								<line number="183" hits="0"></line>
								<line number="185" hits="0"></line>
								<line number="188" hits="2"></line>
								<line number="189" hits="2"></line>
								<line number="190" hits="0"></line>
								<line number="192" hits="0"></line>
								<line number="194" hits="2"></line>
							</lines>
						</method>
						<method name="UnmarshalStreamImage" signature="" line-rate="0.8333333" branch-rate="0" complexity="0" line-count="0" line-hits="0">
							<lines>
								<line number="200" hits="4"></line>
								<line number="202" hits="4"></line>
								<line number="204" hits="33"></line>
								<line number="206" hits="33"></line>
								<line number="207" hits="33"></line>
								<line number="208" hits="0"></line>
								<line number="209" hits="0"></line>
								<line number="212" hits="33"></line>
								<line number="213" hits="33"></line>
								<line number="216" hits="4"></line>
								<line number="217" hits="4"></line>
								<line number="218" hits="4"></line>
							</lines>
						</method>
					</methods>
					<lines>
						<line number="25" hits="0"></line>
						<line number="34" hits="0"></line>
						<line number="36" hits="0"></line>
						<line number="37" hits="0"></line>
						<line number="38" hits="0"></line>
						<line number="39" hits="0"></line>
						<line number="40" hits="0"></line>
						<line number="41" hits="0"></line>
						<line number="42" hits="0"></line>
						<line number="46" hits="0"></line>
						<line number="48" hits="0"></line>
						<line number="57" hits="0"></line>
						<line number="58" hits="0"></line>
						<line number="59" hits="0"></line>
						<line number="63" hits="0"></line>
						<line number="64" hits="0"></line>
						<line number="67" hits="0"></line>
						<line number="81" hits="3"></line>
						<line number="82" hits="3"></line>
						<line number="83" hits="3"></line>
						<line number="84" hits="0"></line>
						<line number="86" hits="3"></line>
						<line number="90" hits="3"></line>
						<line number="91" hits="3"></line>
						<line number="92" hits="0"></line>
						<line number="94" hits="3"></line>
						<line number="97" hits="3"></line>
						<line number="98" hits="3"></line>
						<line number="99" hits="0"></line>
						<line number="101" hits="3"></line>
						<line number="103" hits="3"></line>
						<line number="104" hits="0"></line>
						<line number="105" hits="0"></line>
						<line number="108" hits="3"></line>
						<line number="111" hits="3"></line>
						<line number="113" hits="3"></line>
						<line number="116" hits="2"></line>
						<line number="120" hits="2"></line>
						<line number="121" hits="2"></line>
						<line number="125" hits="2"></line>
						<line number="127" hits="2"></line>
						<line number="128" hits="1"></line>
						<line number="129" hits="1"></line>
						<line number="133" hits="1"></line>
						<line number="137" hits="2"></line>
						<line number="143" hits="2"></line>
						<line number="144" hits="1"></line>
						<line number="146" hits="1"></line>
						<line number="148" hits="2"></line>
						<line number="149" hits="2"></line>
						<line number="150" hits="0"></line>
						<line number="155" hits="2"></line>
						<line number="160" hits="4"></line>
						<line number="161" hits="4"></line>
						<line number="162" hits="0"></line>
						<line number="165" hits="4"></line>
						<line number="170" hits="5"></line>
						<line number="181" hits="2"></line>
						<line number="182" hits="2"></line>
						<line number="183" hits="0"></line>
						<line number="185" hits="0"></line>
						<line number="188" hits="2"></line>
						<line number="189" hits="2"></line>
						<line number="190" hits="0"></line>
						<line number="192" hits="0"></line>
						<line number="194" hits="2"></line>
						<line number="200" hits="4"></line>
						<line number="202" hits="4"></line>
						<line number="204" hits="33"></line>
						<line number="206" hits="33"></line>
						<line number="207" hits="33"></line>
						<line number="208" hits="0"></line>
						<line number="209" hits="0"></line>
						<line number="212" hits="33"></line>
						<line number="213" hits="33"></line>
						<line number="216" hits="4"></line>
						<line number="217" hits="4"></line>
						<line number="218" hits="4"></line>
					</lines>
				</class>
			</classes>
		</package>
		<package name="github.com/Optum/Redbox/cmd/lambda/update_lease_status" line-rate="0.6102941" branch-rate="0" complexity="0" line-count="136" line-hits="83">
			<classes>
				<class name="-" filename="cmd/lambda/update_lease_status/main.go" line-rate="0.5151515" branch-rate="0" complexity="0" line-count="66" line-hits="34">
					<methods>
						<method name="main" signature="" line-rate="0" branch-rate="0" complexity="0" line-count="0" line-hits="0">
							<lines>
								<line number="31" hits="0"></line>
							</lines>
						</method>
						<method name="@31:15" signature="" line-rate="0" branch-rate="0" complexity="0" line-count="0" line-hits="0">
							<lines>
								<line number="32" hits="0"></line>
								<line number="35" hits="0"></line>
								<line number="36" hits="0"></line>
								<line number="37" hits="0"></line>
								<line number="39" hits="0"></line>
								<line number="42" hits="0"></line>
								<line number="43" hits="0"></line>
								<line number="44" hits="0"></line>
								<line number="48" hits="0"></line>
								<line number="49" hits="0"></line>
								<line number="50" hits="0"></line>
								<line number="52" hits="0"></line>
								<line number="53" hits="0"></line>
								<line number="54" hits="0"></line>
								<line number="57" hits="0"></line>
								<line number="76" hits="0"></line>
								<line number="77" hits="0"></line>
								<line number="80" hits="0"></line>
							</lines>
						</method>
						<method name="eventToLease" signature="" line-rate="0" branch-rate="0" complexity="0" line-count="0" line-hits="0">
							<lines>
								<line number="86" hits="0"></line>
								<line number="87" hits="0"></line>
								<line number="88" hits="0"></line>
								<line number="92" hits="0"></line>
								<line number="93" hits="0"></line>
								<line number="94" hits="0"></line>
								<line number="95" hits="0"></line>
								<line number="97" hits="0"></line>
							</lines>
						</method>
						<method name="lambdaHandler" signature="" line-rate="0.8076923" branch-rate="0" complexity="0" line-count="0" line-hits="0">
							<lines>
								<line number="121" hits="4"></line>
								<line number="122" hits="4"></line>
								<line number="126" hits="4"></line>
								<line number="127" hits="4"></line>
								<line number="128" hits="0"></line>
								<line number="130" hits="4"></line>
								<line number="131" hits="0"></line>
								<line number="136" hits="4"></line>
								<line number="144" hits="4"></line>
								<line number="145" hits="0"></line>
								<line number="148" hits="4"></line>
								<line number="149" hits="4"></line>
								<line number="151" hits="4"></line>
								<line number="153" hits="4"></line>
								<line number="155" hits="2"></line>
								<line number="156" hits="2"></line>
								<line number="157" hits="2"></line>
								<line number="158" hits="2"></line>
								<line number="159" hits="1"></line>
								<line number="164" hits="4"></line>
								<line number="175" hits="4"></line>
								<line number="176" hits="0"></line>
								<line number="178" hits="0"></line>
								<line number="182" hits="4"></line>
								<line number="183" hits="1"></line>
								<line number="186" hits="3"></line>
							</lines>
						</method>
						<method name="isLeaseExpired" signature="" line-rate="1" branch-rate="0" complexity="0" line-count="0" line-hits="0">
							<lines>
								<line number="193" hits="7"></line>
								<line number="194" hits="1"></line>
								<line number="195" hits="6"></line>
								<line number="196" hits="3"></line>
								<line number="199" hits="3"></line>
							</lines>
						</method>
						<method name="handleLeaseExpire" signature="" line-rate="1" branch-rate="0" complexity="0" line-count="0" line-hits="0">
							<lines>
								<line number="209" hits="2"></line>
								<line number="214" hits="2"></line>
								<line number="222" hits="2"></line>
								<line number="223" hits="1"></line>
								<line number="224" hits="1"></line>
								<line number="228" hits="2"></line>
								<line number="229" hits="1"></line>
								<line number="232" hits="1"></line>
							</lines>
						</method>
					</methods>
					<lines>
						<line number="31" hits="0"></line>
						<line number="32" hits="0"></line>
						<line number="35" hits="0"></line>
						<line number="36" hits="0"></line>
						<line number="37" hits="0"></line>
						<line number="39" hits="0"></line>
						<line number="42" hits="0"></line>
						<line number="43" hits="0"></line>
						<line number="44" hits="0"></line>
						<line number="48" hits="0"></line>
						<line number="49" hits="0"></line>
						<line number="50" hits="0"></line>
						<line number="52" hits="0"></line>
						<line number="53" hits="0"></line>
						<line number="54" hits="0"></line>
						<line number="57" hits="0"></line>
						<line number="76" hits="0"></line>
						<line number="77" hits="0"></line>
						<line number="80" hits="0"></line>
						<line number="86" hits="0"></line>
						<line number="87" hits="0"></line>
						<line number="88" hits="0"></line>
						<line number="92" hits="0"></line>
						<line number="93" hits="0"></line>
						<line number="94" hits="0"></line>
						<line number="95" hits="0"></line>
						<line number="97" hits="0"></line>
						<line number="121" hits="4"></line>
						<line number="122" hits="4"></line>
						<line number="126" hits="4"></line>
						<line number="127" hits="4"></line>
						<line number="128" hits="0"></line>
						<line number="130" hits="4"></line>
						<line number="131" hits="0"></line>
						<line number="136" hits="4"></line>
						<line number="144" hits="4"></line>
						<line number="145" hits="0"></line>
						<line number="148" hits="4"></line>
						<line number="149" hits="4"></line>
						<line number="151" hits="4"></line>
						<line number="153" hits="4"></line>
						<line number="155" hits="2"></line>
						<line number="156" hits="2"></line>
						<line number="157" hits="2"></line>
						<line number="158" hits="2"></line>
						<line number="159" hits="1"></line>
						<line number="164" hits="4"></line>
						<line number="175" hits="4"></line>
						<line number="176" hits="0"></line>
						<line number="178" hits="0"></line>
						<line number="182" hits="4"></line>
						<line number="183" hits="1"></line>
						<line number="186" hits="3"></line>
						<line number="193" hits="7"></line>
						<line number="194" hits="1"></line>
						<line number="195" hits="6"></line>
						<line number="196" hits="3"></line>
						<line number="199" hits="3"></line>
						<line number="209" hits="2"></line>
						<line number="214" hits="2"></line>
						<line number="222" hits="2"></line>
						<line number="223" hits="1"></line>
						<line number="224" hits="1"></line>
						<line number="228" hits="2"></line>
						<line number="229" hits="1"></line>
						<line number="232" hits="1"></line>
					</lines>
				</class>
				<class name="-" filename="cmd/lambda/update_lease_status/notification.go" line-rate="0.8125" branch-rate="0" complexity="0" line-count="32" line-hits="26">
					<methods>
						<method name="sendBudgetNotificationEmail" signature="" line-rate="0.7368421" branch-rate="0" complexity="0" line-count="0" line-hits="0">
							<lines>
								<line number="27" hits="4"></line>
								<line number="32" hits="4"></line>
								<line number="33" hits="1"></line>
								<line number="36" hits="3"></line>
								<line number="37" hits="0"></line>
								<line number="40" hits="0"></line>
								<line number="43" hits="3"></line>
								<line number="44" hits="3"></line>
								<line number="48" hits="3"></line>
								<line number="59" hits="3"></line>
								<line number="60" hits="3"></line>
								<line number="61" hits="0"></line>
								<line number="63" hits="3"></line>
								<line number="64" hits="3"></line>
								<line number="65" hits="0"></line>
								<line number="68" hits="3"></line>
								<line number="69" hits="3"></line>
								<line number="70" hits="0"></line>
								<line number="73" hits="3"></line>
							</lines>
						</method>
						<method name="renderTemplate" signature="" line-rate="0.8333333" branch-rate="0" complexity="0" line-count="0" line-hits="0">
							<lines>
								<line number="84" hits="9"></line>
								<line number="85" hits="9"></line>
								<line number="86" hits="0"></line>
								<line number="89" hits="9"></line>
								<line number="90" hits="9"></line>
								<line number="92" hits="9"></line>
							</lines>
						</method>
						<method name="determineThresholdPercentile" signature="" line-rate="1" branch-rate="0" complexity="0" line-count="0" line-hits="0">
							<lines>
								<line number="103" hits="4"></line>
								<line number="106" hits="4"></line>
								<line number="107" hits="4"></line>
								<line number="108" hits="8"></line>
								<line number="109" hits="8"></line>
								<line number="110" hits="5"></line>
								<line number="114" hits="4"></line>
							</lines>
						</method>
					</methods>
					<lines>
						<line number="27" hits="4"></line>
						<line number="32" hits="4"></line>
						<line number="33" hits="1"></line>
						<line number="36" hits="3"></line>
						<line number="37" hits="0"></line>
						<line number="40" hits="0"></line>
						<line number="43" hits="3"></line>
						<line number="44" hits="3"></line>
						<line number="48" hits="3"></line>
						<line number="59" hits="3"></line>
						<line number="60" hits="3"></line>
						<line number="61" hits="0"></line>
						<line number="63" hits="3"></line>
						<line number="64" hits="3"></line>
						<line number="65" hits="0"></line>
						<line number="68" hits="3"></line>
						<line number="69" hits="3"></line>
						<line number="70" hits="0"></line>
						<line number="73" hits="3"></line>
						<line number="84" hits="9"></line>
						<line number="85" hits="9"></line>
						<line number="86" hits="0"></line>
						<line number="89" hits="9"></line>
						<line number="90" hits="9"></line>
						<line number="92" hits="9"></line>
						<line number="103" hits="4"></line>
						<line number="106" hits="4"></line>
						<line number="107" hits="4"></line>
						<line number="108" hits="8"></line>
						<line number="109" hits="8"></line>
						<line number="110" hits="5"></line>
						<line number="114" hits="4"></line>
					</lines>
				</class>
				<class name="-" filename="cmd/lambda/update_lease_status/sns.go" line-rate="0" branch-rate="0" complexity="0" line-count="9" line-hits="0">
					<methods>
						<method name="publishLeaseChangedEvent" signature="" line-rate="0" branch-rate="0" complexity="0" line-count="0" line-hits="0">
							<lines>
								<line number="19" hits="0"></line>
								<line number="20" hits="0"></line>
								<line number="21" hits="0"></line>
								<line number="23" hits="0"></line>
								<line number="26" hits="0"></line>
								<line number="27" hits="0"></line>
								<line number="28" hits="0"></line>
								<line number="30" hits="0"></line>
								<line number="32" hits="0"></line>
							</lines>
						</method>
					</methods>
					<lines>
						<line number="19" hits="0"></line>
						<line number="20" hits="0"></line>
						<line number="21" hits="0"></line>
						<line number="23" hits="0"></line>
						<line number="26" hits="0"></line>
						<line number="27" hits="0"></line>
						<line number="28" hits="0"></line>
						<line number="30" hits="0"></line>
						<line number="32" hits="0"></line>
					</lines>
				</class>
				<class name="-" filename="cmd/lambda/update_lease_status/spend.go" line-rate="0.79310346" branch-rate="0" complexity="0" line-count="29" line-hits="23">
					<methods>
						<method name="calculateSpend" signature="" line-rate="0.79310346" branch-rate="0" complexity="0" line-count="0" line-hits="0">
							<lines>
								<line number="26" hits="4"></line>
								<line number="27" hits="4"></line>
								<line number="28" hits="4"></line>
								<line number="29" hits="4"></line>
								<line number="30" hits="0"></line>
								<line number="34" hits="4"></line>
								<line number="39" hits="4"></line>
								<line number="40" hits="4"></line>
								<line number="41" hits="4"></line>
								<line number="43" hits="4"></line>
								<line number="44" hits="4"></line>
								<line number="45" hits="4"></line>
								<line number="46" hits="0"></line>
								<line number="49" hits="4"></line>
								<line number="52" hits="4"></line>
								<line number="62" hits="4"></line>
								<line number="67" hits="4"></line>
								<line number="69" hits="4"></line>
								<line number="71" hits="4"></line>
								<line number="77" hits="4"></line>
								<line number="78" hits="4"></line>
								<line number="79" hits="0"></line>
								<line number="83" hits="4"></line>
								<line number="84" hits="4"></line>
								<line number="85" hits="0"></line>
								<line number="86" hits="0"></line>
								<line number="87" hits="0"></line>
								<line number="91" hits="4"></line>
								<line number="94" hits="4"></line>
							</lines>
						</method>
					</methods>
					<lines>
						<line number="26" hits="4"></line>
						<line number="27" hits="4"></line>
						<line number="28" hits="4"></line>
						<line number="29" hits="4"></line>
						<line number="30" hits="0"></line>
						<line number="34" hits="4"></line>
						<line number="39" hits="4"></line>
						<line number="40" hits="4"></line>
						<line number="41" hits="4"></line>
						<line number="43" hits="4"></line>
						<line number="44" hits="4"></line>
						<line number="45" hits="4"></line>
						<line number="46" hits="0"></line>
						<line number="49" hits="4"></line>
						<line number="52" hits="4"></line>
						<line number="62" hits="4"></line>
						<line number="67" hits="4"></line>
						<line number="69" hits="4"></line>
						<line number="71" hits="4"></line>
						<line number="77" hits="4"></line>
						<line number="78" hits="4"></line>
						<line number="79" hits="0"></line>
						<line number="83" hits="4"></line>
						<line number="84" hits="4"></line>
						<line number="85" hits="0"></line>
						<line number="86" hits="0"></line>
						<line number="87" hits="0"></line>
						<line number="91" hits="4"></line>
[...]
				<class name="-" filename="pkg/reset/rdsbackup.go" line-rate="0.85714287" branch-rate="0" complexity="0" line-count="21" line-hits="18">
					<methods>
						<method name="DeleteRdsBackups" signature="" line-rate="0.85714287" branch-rate="0" complexity="0" line-count="0" line-hits="0">
							<lines>
								<line number="46" hits="1"></line>
								<line number="47" hits="1"></line>
								<line number="49" hits="1"></line>
								<line number="51" hits="1"></line>
								<line number="52" hits="1"></line>
								<line number="53" hits="0"></line>
								<line number="56" hits="1"></line>
								<line number="57" hits="1"></line>
								<line number="59" hits="1"></line>
								<line number="64" hits="1"></line>
								<line number="65" hits="1"></line>
								<line number="66" hits="0"></line>
								<line number="69" hits="1"></line>
								<line number="73" hits="1"></line>
								<line number="74" hits="1"></line>
								<line number="75" hits="0"></line>
								<line number="77" hits="1"></line>
								<line number="78" hits="1"></line>
								<line number="79" hits="1"></line>
								<line number="84" hits="1"></line>
								<line number="88" hits="1"></line>
							</lines>
						</method>
					</methods>
					<lines>
						<line number="46" hits="1"></line>
						<line number="47" hits="1"></line>
						<line number="49" hits="1"></line>
						<line number="51" hits="1"></line>
						<line number="52" hits="1"></line>
						<line number="53" hits="0"></line>
						<line number="56" hits="1"></line>
						<line number="57" hits="1"></line>
						<line number="59" hits="1"></line>
						<line number="64" hits="1"></line>
						<line number="65" hits="1"></line>
						<line number="66" hits="0"></line>
						<line number="69" hits="1"></line>
						<line number="73" hits="1"></line>
						<line number="74" hits="1"></line>
						<line number="75" hits="0"></line>
						<line number="77" hits="1"></line>
						<line number="78" hits="1"></line>
						<line number="79" hits="1"></line>
						<line number="84" hits="1"></line>
						<line number="88" hits="1"></line>
					</lines>
				</class>
				<class name="AthenaReset" filename="pkg/reset/athena.go" line-rate="0" branch-rate="0" complexity="0" line-count="4" line-hits="0">
					<methods>
						<method name="ListWorkGroups" signature="" line-rate="0" branch-rate="0" complexity="0" line-count="0" line-hits="0">
							<lines>
								<line number="25" hits="0"></line>
							</lines>
						</method>
						<method name="ListNamedQueries" signature="" line-rate="0" branch-rate="0" complexity="0" line-count="0" line-hits="0">
							<lines>
								<line number="30" hits="0"></line>
							</lines>
						</method>
						<method name="DeleteWorkGroup" signature="" line-rate="0" branch-rate="0" complexity="0" line-count="0" line-hits="0">
							<lines>
								<line number="35" hits="0"></line>
							</lines>
						</method>
						<method name="DeleteNamedQuery" signature="" line-rate="0" branch-rate="0" complexity="0" line-count="0" line-hits="0">
							<lines>
								<line number="40" hits="0"></line>
							</lines>
						</method>
					</methods>
					<lines>
						<line number="25" hits="0"></line>
						<line number="30" hits="0"></line>
						<line number="35" hits="0"></line>
						<line number="40" hits="0"></line>
					</lines>
				</class>
				<class name="-" filename="pkg/reset/athena.go" line-rate="0.7777778" branch-rate="0" complexity="0" line-count="27" line-hits="21">
					<methods>
						<method name="DeleteAthenaResources" signature="" line-rate="0.7777778" branch-rate="0" complexity="0" line-count="0" line-hits="0">
							<lines>
								<line number="46" hits="1"></line>
								<line number="48" hits="1"></line>
								<line number="51" hits="1"></line>
								<line number="52" hits="1"></line>
								<line number="53" hits="0"></line>
								<line number="56" hits="1"></line>
								<line number="57" hits="1"></line>
								<line number="58" hits="1"></line>
								<line number="59" hits="1"></line>
								<line number="60" hits="0"></line>
								<line number="62" hits="1"></line>
								<line number="66" hits="1"></line>
								<line number="67" hits="1"></line>
								<line number="68" hits="1"></line>
								<line number="69" hits="0"></line>
								<line number="70" hits="0"></line>
								<line number="75" hits="1"></line>
								<line number="76" hits="1"></line>
								<line number="77" hits="1"></line>
								<line number="78" hits="0"></line>
								<line number="81" hits="1"></line>
								<line number="82" hits="2"></line>
								<line number="83" hits="2"></line>
								<line number="86" hits="2"></line>
								<line number="87" hits="2"></line>
								<line number="88" hits="0"></line>
								<line number="92" hits="1"></line>
							</lines>
						</method>
					</methods>
					<lines>
						<line number="46" hits="1"></line>
						<line number="48" hits="1"></line>
						<line number="51" hits="1"></line>
						<line number="52" hits="1"></line>
						<line number="53" hits="0"></line>
						<line number="56" hits="1"></line>
						<line number="57" hits="1"></line>
						<line number="58" hits="1"></line>
						<line number="59" hits="1"></line>
						<line number="60" hits="0"></line>
						<line number="62" hits="1"></line>
						<line number="66" hits="1"></line>
						<line number="67" hits="1"></line>
						<line number="68" hits="1"></line>
						<line number="69" hits="0"></line>
						<line number="70" hits="0"></line>
						<line number="75" hits="1"></line>
						<line number="76" hits="1"></line>
						<line number="77" hits="1"></line>
						<line number="78" hits="0"></line>
						<line number="81" hits="1"></line>
						<line number="82" hits="2"></line>
						<line number="83" hits="2"></line>
						<line number="86" hits="2"></line>
						<line number="87" hits="2"></line>
						<line number="88" hits="0"></line>
						<line number="92" hits="1"></line>
					</lines>
				</class>
			</classes>
		</package>
		<package name="github.com/Optum/Redbox/pkg/rolemanager" line-rate="0.86170214" branch-rate="0" complexity="0" line-count="94" line-hits="81">
			<classes>
				<class name="-" filename="pkg/rolemanager/helpers.go" line-rate="1" branch-rate="0" complexity="0" line-count="5" line-hits="5">
					<methods>
						<method name="isAWSAlreadyExistsError" signature="" line-rate="1" branch-rate="0" complexity="0" line-count="0" line-hits="0">
							<lines>
								<line number="9" hits="8"></line>
								<line number="10" hits="8"></line>
								<line number="11" hits="5"></line>
								<line number="13" hits="4"></line>
								<line number="17" hits="4"></line>
							</lines>
						</method>
					</methods>
					<lines>
						<line number="9" hits="8"></line>
						<line number="10" hits="8"></line>
						<line number="11" hits="5"></line>
						<line number="13" hits="4"></line>
						<line number="17" hits="4"></line>
					</lines>
				</class>
				<class name="IAMPolicyManager" filename="pkg/rolemanager/policymanager.go" line-rate="0.8235294" branch-rate="0" complexity="0" line-count="34" line-hits="28">
					<methods>
						<method name="SetIAMClient" signature="" line-rate="1" branch-rate="0" complexity="0" line-count="0" line-hits="0">
							<lines>
								<line number="37" hits="4"></line>
							</lines>
						</method>
						<method name="MergePolicy" signature="" line-rate="0.73333335" branch-rate="0" complexity="0" line-count="0" line-hits="0">
							<lines>
								<line number="43" hits="7"></line>
								<line number="49" hits="7"></line>
								<line number="50" hits="3"></line>
								<line number="51" hits="2"></line>
								<line number="53" hits="1"></line>
								<line number="57" hits="4"></line>
								<line number="61" hits="2"></line>
								<line number="62" hits="2"></line>
								<line number="63" hits="0"></line>
								<line number="64" hits="0"></line>
								<line number="68" hits="2"></line>
								<line number="73" hits="2"></line>
								<line number="74" hits="0"></line>
								<line number="75" hits="0"></line>
								<line number="78" hits="2"></line>
							</lines>
						</method>
						<method name="PrunePolicyVersions" signature="" line-rate="0.9230769" branch-rate="0" complexity="0" line-count="0" line-hits="0">
							<lines>
								<line number="83" hits="2"></line>
								<line number="86" hits="2"></line>
								<line number="87" hits="0"></line>
								<line number="89" hits="2"></line>
								<line number="90" hits="1"></line>
								<line number="93" hits="1"></line>
								<line number="95" hits="1"></line>
								<line number="96" hits="5"></line>
								<line number="97" hits="1"></line>
								<line number="99" hits="4"></line>
								<line number="101" hits="2"></line>
								<line number="105" hits="1"></line>
								<line number="106" hits="1"></line>
							</lines>
						</method>
						<method name="DeletePolicyVersion" signature="" line-rate="0.8" branch-rate="0" complexity="0" line-count="0" line-hits="0">
							<lines>
								<line number="111" hits="1"></line>
								<line number="116" hits="1"></line>
								<line number="117" hits="1"></line>
								<line number="118" hits="0"></line>
								<line number="120" hits="1"></line>
							</lines>
						</method>
					</methods>
					<lines>
						<line number="37" hits="4"></line>
						<line number="43" hits="7"></line>
						<line number="49" hits="7"></line>
						<line number="50" hits="3"></line>
						<line number="51" hits="2"></line>
						<line number="53" hits="1"></line>
						<line number="57" hits="4"></line>
						<line number="61" hits="2"></line>
						<line number="62" hits="2"></line>
						<line number="63" hits="0"></line>
						<line number="64" hits="0"></line>
						<line number="68" hits="2"></line>
						<line number="73" hits="2"></line>
						<line number="74" hits="0"></line>
						<line number="75" hits="0"></line>
						<line number="78" hits="2"></line>
						<line number="83" hits="2"></line>
						<line number="86" hits="2"></line>
						<line number="87" hits="0"></line>
						<line number="89" hits="2"></line>
						<line number="90" hits="1"></line>
						<line number="93" hits="1"></line>
						<line number="95" hits="1"></line>
						<line number="96" hits="5"></line>
						<line number="97" hits="1"></line>
						<line number="99" hits="4"></line>
						<line number="101" hits="2"></line>
						<line number="105" hits="1"></line>
						<line number="106" hits="1"></line>
						<line number="111" hits="1"></line>
						<line number="116" hits="1"></line>
						<line number="117" hits="1"></line>
						<line number="118" hits="0"></line>
						<line number="120" hits="1"></line>
					</lines>
				</class>
				<class name="IAMRoleManager" filename="pkg/rolemanager/rolemanager.go" line-rate="0.8727273" branch-rate="0" complexity="0" line-count="55" line-hits="48">
					<methods>
						<method name="CreateRoleWithPolicy" signature="" line-rate="0.9032258" branch-rate="0" complexity="0" line-count="0" line-hits="0">
							<lines>
								<line number="56" hits="6"></line>
								<line number="63" hits="6"></line>
								<line number="64" hits="6"></line>
								<line number="65" hits="3"></line>
								<line number="66" hits="1"></line>
								<line number="68" hits="2"></line>
								<line number="72" hits="1"></line>
								<line number="75" hits="1"></line>
								<line number="76" hits="0"></line>
								<line number="78" hits="1"></line>
								<line number="80" hits="3"></line>
								<line number="84" hits="4"></line>
								<line number="85" hits="4"></line>
								<line number="86" hits="0"></line>
								<line number="88" hits="4"></line>
								<line number="91" hits="4"></line>
								<line number="92" hits="4"></line>
								<line number="93" hits="4"></line>
								<line number="94" hits="4"></line>
								<line number="95" hits="4"></line>
								<line number="96" hits="0"></line>
								<line number="98" hits="4"></line>
								<line number="99" hits="4"></line>
								<line number="105" hits="4"></line>
								<line number="106" hits="1"></line>
								<line number="110" hits="3"></line>
								<line number="114" hits="3"></line>
								<line number="115" hits="2"></line>
								<line number="116" hits="1"></line>
								<line number="118" hits="1"></line>
								<line number="122" hits="2"></line>
							</lines>
						</method>
						<method name="SetIAMClient" signature="" line-rate="0" branch-rate="0" complexity="0" line-count="0" line-hits="0">
							<lines>
								<line number="132" hits="0"></line>
							</lines>
						</method>
						<method name="DestroyRoleWithPolicy" signature="" line-rate="0.9230769" branch-rate="0" complexity="0" line-count="0" line-hits="0">
							<lines>
								<line number="146" hits="2"></line>
								<line number="148" hits="2"></line>
								<line number="153" hits="2"></line>
								<line number="154" hits="1"></line>
								<line number="158" hits="2"></line>
								<line number="159" hits="2"></line>
								<line number="160" hits="1"></line>
								<line number="164" hits="2"></line>
								<line number="167" hits="2"></line>
								<line number="168" hits="0"></line>
								<line number="172" hits="2"></line>
								<line number="173" hits="1"></line>
								<line number="179" hits="1"></line>
							</lines>
						</method>
						<method name="deletePolicyWithVersion" signature="" line-rate="0.8" branch-rate="0" complexity="0" line-count="0" line-hits="0">
							<lines>
								<line number="187" hits="2"></line>
								<line number="190" hits="2"></line>
								<line number="191" hits="0"></line>
								<line number="195" hits="2"></line>
								<line number="197" hits="6"></line>
								<line number="198" hits="4"></line>
								<line number="202" hits="4"></line>
								<line number="203" hits="0"></line>
								<line number="209" hits="2"></line>
								<line number="212" hits="2"></line>
							</lines>
						</method>
					</methods>
					<lines>
						<line number="56" hits="6"></line>
						<line number="63" hits="6"></line>
						<line number="64" hits="6"></line>
						<line number="65" hits="3"></line>
						<line number="66" hits="1"></line>
						<line number="68" hits="2"></line>
						<line number="72" hits="1"></line>
						<line number="75" hits="1"></line>
						<line number="76" hits="0"></line>
						<line number="78" hits="1"></line>
						<line number="80" hits="3"></line>
						<line number="84" hits="4"></line>
						<line number="85" hits="4"></line>
						<line number="86" hits="0"></line>
						<line number="88" hits="4"></line>
						<line number="91" hits="4"></line>
						<line number="92" hits="4"></line>
						<line number="93" hits="4"></line>
						<line number="94" hits="4"></line>
						<line number="95" hits="4"></line>
						<line number="96" hits="0"></line>
						<line number="98" hits="4"></line>
						<line number="99" hits="4"></line>
						<line number="105" hits="4"></line>
						<line number="106" hits="1"></line>
						<line number="110" hits="3"></line>
						<line number="114" hits="3"></line>
						<line number="115" hits="2"></line>
						<line number="116" hits="1"></line>
						<line number="118" hits="1"></line>
						<line number="122" hits="2"></line>
						<line number="132" hits="0"></line>
						<line number="146" hits="2"></line>
						<line number="148" hits="2"></line>
						<line number="153" hits="2"></line>
						<line number="154" hits="1"></line>
						<line number="158" hits="2"></line>
						<line number="159" hits="2"></line>
						<line number="160" hits="1"></line>
						<line number="164" hits="2"></line>
						<line number="167" hits="2"></line>
						<line number="168" hits="0"></line>
						<line number="172" hits="2"></line>
						<line number="173" hits="1"></line>
						<line number="179" hits="1"></line>
						<line number="187" hits="2"></line>
						<line number="190" hits="2"></line>
						<line number="191" hits="0"></line>
						<line number="195" hits="2"></line>
						<line number="197" hits="6"></line>
						<line number="198" hits="4"></line>
						<line number="202" hits="4"></line>
						<line number="203" hits="0"></line>
						<line number="209" hits="2"></line>
						<line number="212" hits="2"></line>
					</lines>
				</class>
			</classes>
		</package>
		<package name="github.com/Optum/Redbox/pkg/terraform" line-rate="0.79310346" branch-rate="0" complexity="0" line-count="29" line-hits="23">
			<classes>
				<class name="Terraform" filename="pkg/terraform/terraform.go" line-rate="0.79310346" branch-rate="0" complexity="0" line-count="29" line-hits="23">
					<methods>
						<method name="bin" signature="" line-rate="0.6666667" branch-rate="0" complexity="0" line-count="0" line-hits="0">
							<lines>
								<line number="24" hits="13"></line>
								<line number="25" hits="0"></line>
								<line number="27" hits="13"></line>
							</lines>
						</method>
						<method name="InitAndApply" signature="" line-rate="0.84615386" branch-rate="0" complexity="0" line-count="0" line-hits="0">
							<lines>
								<line number="41" hits="6"></line>
								<line number="42" hits="6"></line>
								<line number="43" hits="0"></line>
								<line number="47" hits="6"></line>
								<line number="48" hits="0"></line>
								<line number="54" hits="6"></line>
								<line number="55" hits="6"></line>
								<line number="56" hits="2"></line>
								<line number="60" hits="6"></line>
								<line number="69" hits="6"></line>
								<line number="70" hits="2"></line>
								<line number="74" hits="4"></line>
								<line number="86" hits="4"></line>
							</lines>
						</method>
						<method name="Output" signature="" line-rate="0.7692308" branch-rate="0" complexity="0" line-count="0" line-hits="0">
							<lines>
								<line number="94" hits="3"></line>
								<line number="104" hits="3"></line>
								<line number="105" hits="0"></line>
								<line number="109" hits="3"></line>
								<line number="110" hits="3"></line>
								<line number="111" hits="0"></line>
								<line number="115" hits="3"></line>
								<line number="116" hits="3"></line>
								<line number="117" hits="3"></line>
								<line number="118" hits="3"></line>
								<line number="119" hits="0"></line>
								<line number="121" hits="3"></line>
								<line number="125" hits="3"></line>
							</lines>
						</method>
					</methods>
					<lines>
						<line number="24" hits="13"></line>
						<line number="25" hits="0"></line>
						<line number="27" hits="13"></line>
						<line number="41" hits="6"></line>
						<line number="42" hits="6"></line>
						<line number="43" hits="0"></line>
						<line number="47" hits="6"></line>
						<line number="48" hits="0"></line>
						<line number="54" hits="6"></line>
						<line number="55" hits="6"></line>
						<line number="56" hits="2"></line>
						<line number="60" hits="6"></line>
						<line number="69" hits="6"></line>
						<line number="70" hits="2"></line>
						<line number="74" hits="4"></line>
						<line number="86" hits="4"></line>
						<line number="94" hits="3"></line>
						<line number="104" hits="3"></line>
						<line number="105" hits="0"></line>
						<line number="109" hits="3"></line>
						<line number="110" hits="3"></line>
						<line number="111" hits="0"></line>
						<line number="115" hits="3"></line>
						<line number="116" hits="3"></line>
						<line number="117" hits="3"></line>
						<line number="118" hits="3"></line>
						<line number="119" hits="0"></line>
						<line number="121" hits="3"></line>
						<line number="125" hits="3"></line>
					</lines>
				</class>
			</classes>
		</package>
	</packages>
	<sources>
		<source>/Users/ngood/Code/redbox</source>
	</sources>
</coverage>
